<?xml version="1.0" encoding="UTF-8"?>
<testsuite name="com.todak.todak.TodakApplicationTests" tests="1" skipped="0" failures="0" errors="0" timestamp="2021-05-19T06:34:37" hostname="DESKTOP-DN7HPTE" time="0.538">
  <properties/>
  <testcase name="contextLoads()" classname="com.todak.todak.TodakApplicationTests" time="0.538"/>
  <system-out><![CDATA[15:34:33.228 [Test worker] DEBUG org.springframework.test.context.BootstrapUtils - Instantiating CacheAwareContextLoaderDelegate from class [org.springframework.test.context.cache.DefaultCacheAwareContextLoaderDelegate]
15:34:33.256 [Test worker] DEBUG org.springframework.test.context.BootstrapUtils - Instantiating BootstrapContext using constructor [public org.springframework.test.context.support.DefaultBootstrapContext(java.lang.Class,org.springframework.test.context.CacheAwareContextLoaderDelegate)]
15:34:33.325 [Test worker] DEBUG org.springframework.test.context.BootstrapUtils - Instantiating TestContextBootstrapper for test class [com.todak.todak.TodakApplicationTests] from class [org.springframework.boot.test.context.SpringBootTestContextBootstrapper]
15:34:33.347 [Test worker] INFO org.springframework.boot.test.context.SpringBootTestContextBootstrapper - Neither @ContextConfiguration nor @ContextHierarchy found for test class [com.todak.todak.TodakApplicationTests], using SpringBootContextLoader
15:34:33.356 [Test worker] DEBUG org.springframework.test.context.support.AbstractContextLoader - Did not detect default resource location for test class [com.todak.todak.TodakApplicationTests]: class path resource [com/todak/todak/TodakApplicationTests-context.xml] does not exist
15:34:33.357 [Test worker] DEBUG org.springframework.test.context.support.AbstractContextLoader - Did not detect default resource location for test class [com.todak.todak.TodakApplicationTests]: class path resource [com/todak/todak/TodakApplicationTestsContext.groovy] does not exist
15:34:33.358 [Test worker] INFO org.springframework.test.context.support.AbstractContextLoader - Could not detect default resource locations for test class [com.todak.todak.TodakApplicationTests]: no resource found for suffixes {-context.xml, Context.groovy}.
15:34:33.359 [Test worker] INFO org.springframework.test.context.support.AnnotationConfigContextLoaderUtils - Could not detect default configuration classes for test class [com.todak.todak.TodakApplicationTests]: TodakApplicationTests does not declare any static, non-private, non-final, nested classes annotated with @Configuration.
15:34:33.441 [Test worker] DEBUG org.springframework.test.context.support.ActiveProfilesUtils - Could not find an 'annotation declaring class' for annotation type [org.springframework.test.context.ActiveProfiles] and class [com.todak.todak.TodakApplicationTests]
15:34:33.578 [Test worker] DEBUG org.springframework.context.annotation.ClassPathScanningCandidateComponentProvider - Identified candidate component class: file [C:\Users\ns\Documents\todak\build\classes\java\main\com\todak\todak\TodakApplication.class]
15:34:33.581 [Test worker] INFO org.springframework.boot.test.context.SpringBootTestContextBootstrapper - Found @SpringBootConfiguration com.todak.todak.TodakApplication for test class com.todak.todak.TodakApplicationTests
15:34:33.730 [Test worker] DEBUG org.springframework.boot.test.context.SpringBootTestContextBootstrapper - @TestExecutionListeners is not present for class [com.todak.todak.TodakApplicationTests]: using defaults.
15:34:33.731 [Test worker] INFO org.springframework.boot.test.context.SpringBootTestContextBootstrapper - Loaded default TestExecutionListener class names from location [META-INF/spring.factories]: [org.springframework.boot.test.autoconfigure.restdocs.RestDocsTestExecutionListener, org.springframework.boot.test.autoconfigure.web.client.MockRestServiceServerResetTestExecutionListener, org.springframework.boot.test.autoconfigure.web.servlet.MockMvcPrintOnlyOnFailureTestExecutionListener, org.springframework.boot.test.autoconfigure.web.servlet.WebDriverTestExecutionListener, org.springframework.boot.test.autoconfigure.webservices.client.MockWebServiceServerTestExecutionListener, org.springframework.boot.test.mock.mockito.MockitoTestExecutionListener, org.springframework.boot.test.mock.mockito.ResetMocksTestExecutionListener, org.springframework.test.context.web.ServletTestExecutionListener, org.springframework.test.context.support.DirtiesContextBeforeModesTestExecutionListener, org.springframework.test.context.event.ApplicationEventsTestExecutionListener, org.springframework.test.context.support.DependencyInjectionTestExecutionListener, org.springframework.test.context.support.DirtiesContextTestExecutionListener, org.springframework.test.context.transaction.TransactionalTestExecutionListener, org.springframework.test.context.jdbc.SqlScriptsTestExecutionListener, org.springframework.test.context.event.EventPublishingTestExecutionListener]
15:34:33.753 [Test worker] DEBUG org.springframework.boot.test.context.SpringBootTestContextBootstrapper - Skipping candidate TestExecutionListener [org.springframework.test.context.transaction.TransactionalTestExecutionListener] due to a missing dependency. Specify custom listener classes or make the default listener classes and their required dependencies available. Offending class: [org/springframework/transaction/interceptor/TransactionAttributeSource]
15:34:33.754 [Test worker] DEBUG org.springframework.boot.test.context.SpringBootTestContextBootstrapper - Skipping candidate TestExecutionListener [org.springframework.test.context.jdbc.SqlScriptsTestExecutionListener] due to a missing dependency. Specify custom listener classes or make the default listener classes and their required dependencies available. Offending class: [org/springframework/transaction/interceptor/TransactionAttribute]
15:34:33.755 [Test worker] INFO org.springframework.boot.test.context.SpringBootTestContextBootstrapper - Using TestExecutionListeners: [org.springframework.test.context.web.ServletTestExecutionListener@38d7078d, org.springframework.test.context.support.DirtiesContextBeforeModesTestExecutionListener@3386783b, org.springframework.test.context.event.ApplicationEventsTestExecutionListener@2de1415a, org.springframework.boot.test.mock.mockito.MockitoTestExecutionListener@45920b47, org.springframework.boot.test.autoconfigure.SpringBootDependencyInjectionTestExecutionListener@45f98717, org.springframework.test.context.support.DirtiesContextTestExecutionListener@45be7833, org.springframework.test.context.event.EventPublishingTestExecutionListener@62f21a4f, org.springframework.boot.test.autoconfigure.restdocs.RestDocsTestExecutionListener@37efed65, org.springframework.boot.test.autoconfigure.web.client.MockRestServiceServerResetTestExecutionListener@3e2705b0, org.springframework.boot.test.autoconfigure.web.servlet.MockMvcPrintOnlyOnFailureTestExecutionListener@86e8da7, org.springframework.boot.test.autoconfigure.web.servlet.WebDriverTestExecutionListener@7abcde87, org.springframework.boot.test.autoconfigure.webservices.client.MockWebServiceServerTestExecutionListener@32f09070, org.springframework.boot.test.mock.mockito.ResetMocksTestExecutionListener@347c091b]
15:34:33.763 [Test worker] DEBUG org.springframework.test.context.support.AbstractDirtiesContextTestExecutionListener - Before test class: context [DefaultTestContext@1203bf2 testClass = TodakApplicationTests, testInstance = [null], testMethod = [null], testException = [null], mergedContextConfiguration = [WebMergedContextConfiguration@794db297 testClass = TodakApplicationTests, locations = '{}', classes = '{class com.todak.todak.TodakApplication}', contextInitializerClasses = '[]', activeProfiles = '{}', propertySourceLocations = '{}', propertySourceProperties = '{org.springframework.boot.test.context.SpringBootTestContextBootstrapper=true}', contextCustomizers = set[org.springframework.boot.test.autoconfigure.actuate.metrics.MetricsExportContextCustomizerFactory$DisableMetricExportContextCustomizer@3f99848c, org.springframework.boot.test.autoconfigure.properties.PropertyMappingContextCustomizer@0, org.springframework.boot.test.autoconfigure.web.servlet.WebDriverContextCustomizerFactory$Customizer@5fd390ce, org.springframework.boot.test.context.filter.ExcludeFilterContextCustomizer@7e0201ba, org.springframework.boot.test.json.DuplicateJsonObjectContextCustomizerFactory$DuplicateJsonObjectContextCustomizer@12259294, org.springframework.boot.test.mock.mockito.MockitoContextCustomizer@0, org.springframework.boot.test.web.client.TestRestTemplateContextCustomizer@34124849, org.springframework.boot.test.context.SpringBootTestArgs@1, org.springframework.boot.test.context.SpringBootTestWebEnvironment@6468cf44], resourceBasePath = 'src/main/webapp', contextLoader = 'org.springframework.boot.test.context.SpringBootContextLoader', parent = [null]], attributes = map['org.springframework.test.context.web.ServletTestExecutionListener.activateListener' -> true]], class annotated with @DirtiesContext [false] with mode [null].
15:34:33.823 [Test worker] DEBUG org.springframework.test.context.support.TestPropertySourceUtils - Adding inlined properties to environment: {spring.jmx.enabled=false, org.springframework.boot.test.context.SpringBootTestContextBootstrapper=true}

  .   ____          _            __ _ _
 /\\ / ___'_ __ _ _(_)_ __  __ _ \ \ \ \
( ( )\___ | '_ | '_| | '_ \/ _` | \ \ \ \
 \\/  ___)| |_)| | | | | || (_| |  ) ) ) )
  '  |____| .__|_| |_|_| |_\__, | / / / /
 =========|_|==============|___/=/_/_/_/
 :: Spring Boot ::       (v2.5.0-SNAPSHOT)

2021-05-19 15:34:34.295  INFO 8932 --- [    Test worker] com.todak.todak.TodakApplicationTests    : Starting TodakApplicationTests using Java 15.0.1 on DESKTOP-DN7HPTE with PID 8932 (started by ns in C:\Users\ns\Documents\todak)
2021-05-19 15:34:34.301  INFO 8932 --- [    Test worker] com.todak.todak.TodakApplicationTests    : No active profile set, falling back to default profiles: default
2021-05-19 15:34:36.886  WARN 8932 --- [    Test worker] ion$DefaultTemplateResolverConfiguration : Cannot find template location: classpath:/templates/ (please add some templates or check your Thymeleaf configuration)
2021-05-19 15:34:37.053  INFO 8932 --- [    Test worker] com.todak.todak.TodakApplicationTests    : Started TodakApplicationTests in 3.217 seconds (JVM running for 4.946)
2021-05-19 15:34:37.055  INFO 8932 --- [    Test worker] o.s.b.a.ApplicationAvailabilityBean      : Application availability state LivenessState changed to CORRECT
2021-05-19 15:34:37.058  INFO 8932 --- [    Test worker] o.s.b.a.ApplicationAvailabilityBean      : Application availability state ReadinessState changed to ACCEPTING_TRAFFIC
]]></system-out>
  <system-err><![CDATA[]]></system-err>
</testsuite>
